[2026-05-11 20:29:07.548] [INFO] 
============================================================
[2026-05-11 20:29:07.550] [INFO] 开始第 1/30 次迭代
[2026-05-11 20:29:07.550] [INFO] ============================================================
[2026-05-11 20:29:07.550] [INFO] 正在启动 TRAE CN (Bundle ID: com.bytedance.trae)...
[2026-05-11 20:29:07.552] [ERROR] 启动失败: Error launching specified application. (False, None)
[2026-05-11 20:29:07.553] [ERROR] 启动应用失败，跳过本次迭代
[2026-05-11 20:29:07.553] [INFO] 
============================================================
[2026-05-11 20:29:07.553] [INFO] 开始第 2/30 次迭代
[2026-05-11 20:29:07.553] [INFO] ============================================================
[2026-05-11 20:29:07.553] [INFO] 正在启动 TRAE CN (Bundle ID: com.bytedance.trae)...
[2026-05-11 20:29:07.554] [ERROR] 启动失败: Error launching specified application. (False, None)
[2026-05-11 20:29:07.554] [ERROR] 启动应用失败，跳过本次迭代
[2026-05-11 20:29:07.554] [INFO] 
============================================================
[2026-05-11 20:29:07.555] [INFO] 开始第 3/30 次迭代
[2026-05-11 20:29:07.555] [INFO] ============================================================
[2026-05-11 20:29:07.555] [INFO] 正在启动 TRAE CN (Bundle ID: com.bytedance.trae)...
[2026-05-11 20:29:07.555] [ERROR] 启动失败: Error launching specified application. (False, None)
[2026-05-11 20:29:07.555] [ERROR] 启动应用失败，跳过本次迭代
[2026-05-11 20:29:07.556] [INFO] 
============================================================
[2026-05-11 20:29:07.556] [INFO] 开始第 4/30 次迭代
[2026-05-11 20:29:07.556] [INFO] ============================================================
[2026-05-11 20:29:07.556] [INFO] 正在启动 TRAE CN (Bundle ID: com.bytedance.trae)...
[2026-05-11 20:29:07.556] [ERROR] 启动失败: Error launching specified application. (False, None)
[2026-05-11 20:29:07.556] [ERROR] 启动应用失败，跳过本次迭代
[2026-05-11 20:29:07.557] [INFO] 
============================================================
[2026-05-11 20:29:07.557] [INFO] 开始第 5/30 次迭代
[2026-05-11 20:29:07.557] [INFO] ============================================================
[2026-05-11 20:29:07.557] [INFO] 正在启动 TRAE CN (Bundle ID: com.bytedance.trae)...
[2026-05-11 20:29:07.557] [ERROR] 启动失败: Error launching specified application. (False, None)
[2026-05-11 20:29:07.558] [ERROR] 启动应用失败，跳过本次迭代
[2026-05-11 20:29:07.558] [INFO] 
============================================================
[2026-05-11 20:29:07.558] [INFO] 开始第 6/30 次迭代
[2026-05-11 20:29:07.558] [INFO] ============================================================
[2026-05-11 20:29:07.558] [INFO] 正在启动 TRAE CN (Bundle ID: com.bytedance.trae)...
[2026-05-11 20:29:07.559] [ERROR] 启动失败: Error launching specified application. (False, None)
[2026-05-11 20:29:07.559] [ERROR] 启动应用失败，跳过本次迭代
[2026-05-11 20:29:07.559] [INFO] 
============================================================
[2026-05-11 20:29:07.559] [INFO] 开始第 7/30 次迭代
[2026-05-11 20:29:07.559] [INFO] ============================================================
[2026-05-11 20:29:07.559] [INFO] 正在启动 TRAE CN (Bundle ID: com.bytedance.trae)...
[2026-05-11 20:29:07.559] [ERROR] 启动失败: Error launching specified application. (False, None)
[2026-05-11 20:29:07.559] [ERROR] 启动应用失败，跳过本次迭代
[2026-05-11 20:29:07.560] [INFO] 
============================================================
[2026-05-11 20:29:07.560] [INFO] 开始第 8/30 次迭代
[2026-05-11 20:29:07.560] [INFO] ============================================================
[2026-05-11 20:29:07.560] [INFO] 正在启动 TRAE CN (Bundle ID: com.bytedance.trae)...
[2026-05-11 20:29:07.560] [ERROR] 启动失败: Error launching specified application. (False, None)
[2026-05-11 20:29:07.561] [ERROR] 启动应用失败，跳过本次迭代
[2026-05-11 20:29:07.561] [INFO] 
============================================================
[2026-05-11 20:29:07.561] [INFO] 开始第 9/30 次迭代
[2026-05-11 20:29:07.561] [INFO] ============================================================
[2026-05-11 20:29:07.561] [INFO] 正在启动 TRAE CN (Bundle ID: com.bytedance.trae)...
[2026-05-11 20:29:07.562] [ERROR] 启动失败: Error launching specified application. (False, None)
[2026-05-11 20:29:07.562] [ERROR] 启动应用失败，跳过本次迭代
[2026-05-11 20:29:07.562] [INFO] 
============================================================
[2026-05-11 20:29:07.562] [INFO] 开始第 10/30 次迭代
[2026-05-11 20:29:07.563] [INFO] ============================================================
[2026-05-11 20:29:07.563] [INFO] 正在启动 TRAE CN (Bundle ID: com.bytedance.trae)...
[2026-05-11 20:29:07.563] [ERROR] 启动失败: Error launching specified application. (False, None)
[2026-05-11 20:29:07.563] [ERROR] 启动应用失败，跳过本次迭代
[2026-05-11 20:29:07.563] [INFO] 
============================================================
[2026-05-11 20:29:07.564] [INFO] 开始第 11/30 次迭代
[2026-05-11 20:29:07.564] [INFO] ============================================================
[2026-05-11 20:29:07.564] [INFO] 正在启动 TRAE CN (Bundle ID: com.bytedance.trae)...
[2026-05-11 20:29:07.564] [ERROR] 启动失败: Error launching specified application. (False, None)
[2026-05-11 20:29:07.564] [ERROR] 启动应用失败，跳过本次迭代
[2026-05-11 20:29:07.565] [INFO] 
============================================================
[2026-05-11 20:29:07.565] [INFO] 开始第 12/30 次迭代
[2026-05-11 20:29:07.565] [INFO] ============================================================
[2026-05-11 20:29:07.565] [INFO] 正在启动 TRAE CN (Bundle ID: com.bytedance.trae)...
[2026-05-11 20:29:07.565] [ERROR] 启动失败: Error launching specified application. (False, None)
[2026-05-11 20:29:07.566] [ERROR] 启动应用失败，跳过本次迭代
[2026-05-11 20:29:07.566] [INFO] 
============================================================
[2026-05-11 20:29:07.566] [INFO] 开始第 13/30 次迭代
[2026-05-11 20:29:07.566] [INFO] ============================================================
[2026-05-11 20:29:07.566] [INFO] 正在启动 TRAE CN (Bundle ID: com.bytedance.trae)...
[2026-05-11 20:29:07.567] [ERROR] 启动失败: Error launching specified application. (False, None)
[2026-05-11 20:29:07.567] [ERROR] 启动应用失败，跳过本次迭代
[2026-05-11 20:29:07.568] [INFO] 
============================================================
[2026-05-11 20:29:07.568] [INFO] 开始第 14/30 次迭代
[2026-05-11 20:29:07.568] [INFO] ============================================================
[2026-05-11 20:29:07.568] [INFO] 正在启动 TRAE CN (Bundle ID: com.bytedance.trae)...
[2026-05-11 20:29:07.568] [ERROR] 启动失败: Error launching specified application. (False, None)
[2026-05-11 20:29:07.568] [ERROR] 启动应用失败，跳过本次迭代
[2026-05-11 20:29:07.569] [INFO] 
============================================================
[2026-05-11 20:29:07.569] [INFO] 开始第 15/30 次迭代
[2026-05-11 20:29:07.569] [INFO] ============================================================
[2026-05-11 20:29:07.569] [INFO] 正在启动 TRAE CN (Bundle ID: com.bytedance.trae)...
[2026-05-11 20:29:07.569] [ERROR] 启动失败: Error launching specified application. (False, None)
[2026-05-11 20:29:07.569] [ERROR] 启动应用失败，跳过本次迭代
[2026-05-11 20:29:07.570] [INFO] 
============================================================
[2026-05-11 20:29:07.570] [INFO] 开始第 16/30 次迭代
[2026-05-11 20:29:07.570] [INFO] ============================================================
[2026-05-11 20:29:07.570] [INFO] 正在启动 TRAE CN (Bundle ID: com.bytedance.trae)...
[2026-05-11 20:29:07.570] [ERROR] 启动失败: Error launching specified application. (False, None)
[2026-05-11 20:29:07.570] [ERROR] 启动应用失败，跳过本次迭代
[2026-05-11 20:29:07.571] [INFO] 
============================================================
[2026-05-11 20:29:07.571] [INFO] 开始第 17/30 次迭代
[2026-05-11 20:29:07.571] [INFO] ============================================================
[2026-05-11 20:29:07.571] [INFO] 正在启动 TRAE CN (Bundle ID: com.bytedance.trae)...
[2026-05-11 20:29:07.571] [ERROR] 启动失败: Error launching specified application. (False, None)
[2026-05-11 20:29:07.571] [ERROR] 启动应用失败，跳过本次迭代
[2026-05-11 20:29:07.572] [INFO] 
============================================================
[2026-05-11 20:29:07.572] [INFO] 开始第 18/30 次迭代
[2026-05-11 20:29:07.572] [INFO] ============================================================
[2026-05-11 20:29:07.572] [INFO] 正在启动 TRAE CN (Bundle ID: com.bytedance.trae)...
[2026-05-11 20:29:07.572] [ERROR] 启动失败: Error launching specified application. (False, None)
[2026-05-11 20:29:07.572] [ERROR] 启动应用失败，跳过本次迭代
[2026-05-11 20:29:07.572] [INFO] 
============================================================
[2026-05-11 20:29:07.572] [INFO] 开始第 19/30 次迭代
[2026-05-11 20:29:07.573] [INFO] ============================================================
[2026-05-11 20:29:07.573] [INFO] 正在启动 TRAE CN (Bundle ID: com.bytedance.trae)...
[2026-05-11 20:29:07.573] [ERROR] 启动失败: Error launching specified application. (False, None)
[2026-05-11 20:29:07.573] [ERROR] 启动应用失败，跳过本次迭代
[2026-05-11 20:29:07.573] [INFO] 
============================================================
[2026-05-11 20:29:07.573] [INFO] 开始第 20/30 次迭代
[2026-05-11 20:29:07.573] [INFO] ============================================================
[2026-05-11 20:29:07.573] [INFO] 正在启动 TRAE CN (Bundle ID: com.bytedance.trae)...
[2026-05-11 20:29:07.574] [ERROR] 启动失败: Error launching specified application. (False, None)
[2026-05-11 20:29:07.574] [ERROR] 启动应用失败，跳过本次迭代
[2026-05-11 20:29:07.574] [INFO] 
============================================================
[2026-05-11 20:29:07.574] [INFO] 开始第 21/30 次迭代
[2026-05-11 20:29:07.574] [INFO] ============================================================
[2026-05-11 20:29:07.575] [INFO] 正在启动 TRAE CN (Bundle ID: com.bytedance.trae)...
[2026-05-11 20:29:07.575] [ERROR] 启动失败: Error launching specified application. (False, None)
[2026-05-11 20:29:07.575] [ERROR] 启动应用失败，跳过本次迭代
[2026-05-11 20:29:07.575] [INFO] 
============================================================
[2026-05-11 20:29:07.575] [INFO] 开始第 22/30 次迭代
[2026-05-11 20:29:07.576] [INFO] ============================================================
[2026-05-11 20:29:07.576] [INFO] 正在启动 TRAE CN (Bundle ID: com.bytedance.trae)...
[2026-05-11 20:29:07.576] [ERROR] 启动失败: Error launching specified application. (False, None)
[2026-05-11 20:29:07.576] [ERROR] 启动应用失败，跳过本次迭代
[2026-05-11 20:29:07.576] [INFO] 
============================================================
[2026-05-11 20:29:07.577] [INFO] 开始第 23/30 次迭代
[2026-05-11 20:29:07.577] [INFO] ============================================================
[2026-05-11 20:29:07.577] [INFO] 正在启动 TRAE CN (Bundle ID: com.bytedance.trae)...
[2026-05-11 20:29:07.577] [ERROR] 启动失败: Error launching specified application. (False, None)
[2026-05-11 20:29:07.577] [ERROR] 启动应用失败，跳过本次迭代
[2026-05-11 20:29:07.577] [INFO] 
============================================================
[2026-05-11 20:29:07.577] [INFO] 开始第 24/30 次迭代
[2026-05-11 20:29:07.577] [INFO] ============================================================
[2026-05-11 20:29:07.578] [INFO] 正在启动 TRAE CN (Bundle ID: com.bytedance.trae)...
[2026-05-11 20:29:07.578] [ERROR] 启动失败: Error launching specified application. (False, None)
[2026-05-11 20:29:07.578] [ERROR] 启动应用失败，跳过本次迭代
[2026-05-11 20:29:07.578] [INFO] 
============================================================
[2026-05-11 20:29:07.578] [INFO] 开始第 25/30 次迭代
[2026-05-11 20:29:07.578] [INFO] ============================================================
[2026-05-11 20:29:07.579] [INFO] 正在启动 TRAE CN (Bundle ID: com.bytedance.trae)...
[2026-05-11 20:29:07.579] [ERROR] 启动失败: Error launching specified application. (False, None)
[2026-05-11 20:29:07.579] [ERROR] 启动应用失败，跳过本次迭代
[2026-05-11 20:29:07.579] [INFO] 
============================================================
[2026-05-11 20:29:07.579] [INFO] 开始第 26/30 次迭代
[2026-05-11 20:29:07.579] [INFO] ============================================================
[2026-05-11 20:29:07.579] [INFO] 正在启动 TRAE CN (Bundle ID: com.bytedance.trae)...
[2026-05-11 20:29:07.579] [ERROR] 启动失败: Error launching specified application. (False, None)
[2026-05-11 20:29:07.580] [ERROR] 启动应用失败，跳过本次迭代
[2026-05-11 20:29:07.580] [INFO] 
============================================================
[2026-05-11 20:29:07.580] [INFO] 开始第 27/30 次迭代
[2026-05-11 20:29:07.580] [INFO] ============================================================
[2026-05-11 20:29:07.580] [INFO] 正在启动 TRAE CN (Bundle ID: com.bytedance.trae)...
[2026-05-11 20:29:07.580] [ERROR] 启动失败: Error launching specified application. (False, None)
[2026-05-11 20:29:07.580] [ERROR] 启动应用失败，跳过本次迭代
[2026-05-11 20:29:07.580] [INFO] 
============================================================
[2026-05-11 20:29:07.580] [INFO] 开始第 28/30 次迭代
[2026-05-11 20:29:07.581] [INFO] ============================================================
[2026-05-11 20:29:07.581] [INFO] 正在启动 TRAE CN (Bundle ID: com.bytedance.trae)...
[2026-05-11 20:29:07.581] [ERROR] 启动失败: Error launching specified application. (False, None)
[2026-05-11 20:29:07.581] [ERROR] 启动应用失败，跳过本次迭代
[2026-05-11 20:29:07.581] [INFO] 
============================================================
[2026-05-11 20:29:07.581] [INFO] 开始第 29/30 次迭代
[2026-05-11 20:29:07.581] [INFO] ============================================================
[2026-05-11 20:29:07.581] [INFO] 正在启动 TRAE CN (Bundle ID: com.bytedance.trae)...
[2026-05-11 20:29:07.582] [ERROR] 启动失败: Error launching specified application. (False, None)
[2026-05-11 20:29:07.582] [ERROR] 启动应用失败，跳过本次迭代
[2026-05-11 20:29:07.582] [INFO] 
============================================================
[2026-05-11 20:29:07.582] [INFO] 开始第 30/30 次迭代
[2026-05-11 20:29:07.582] [INFO] ============================================================
[2026-05-11 20:29:07.582] [INFO] 正在启动 TRAE CN (Bundle ID: com.bytedance.trae)...
[2026-05-11 20:29:07.582] [ERROR] 启动失败: Error launching specified application. (False, None)
[2026-05-11 20:29:07.582] [ERROR] 启动应用失败，跳过本次迭代
[2026-05-11 20:29:07.583] [INFO] 
所有测试完成，总耗时: 0.03 秒
[2026-05-11 20:29:07.583] [INFO] 截图与日志保存在: /Users/oce/Documents/TreaAi/gui-auto/trae_cn_test_screenshots
[2026-05-11 20:29:41.652] [INFO] 
============================================================
[2026-05-11 20:29:41.653] [INFO] 开始第 1/30 次迭代
[2026-05-11 20:29:41.653] [INFO] ============================================================
[2026-05-11 20:29:41.653] [INFO] 正在启动 TRAE CN (Bundle ID: cn.trae.app)...
[2026-05-11 20:29:46.808] [INFO] TRAE CN 启动成功
[2026-05-11 20:29:46.809] [INFO] --- 交互 1/3 ---
[2026-05-11 20:29:47.828] [ERROR] 未找到输入框
[2026-05-11 20:29:48.190] [INFO] 截图已保存: trae_cn_test_screenshots/iter_1/round_1/fail_input_1.png
[2026-05-11 20:29:48.191] [WARNING] 第 1 轮测试失败
[2026-05-11 20:29:48.192] [INFO] 等待 4.7 秒后继续...
[2026-05-11 20:29:52.941] [INFO] 
============================================================
[2026-05-11 20:29:52.941] [INFO] 开始第 2/30 次迭代
[2026-05-11 20:29:52.942] [INFO] ============================================================
[2026-05-11 20:29:52.942] [INFO] 正在启动 TRAE CN (Bundle ID: cn.trae.app)...
[2026-05-11 20:29:57.953] [INFO] TRAE CN 启动成功
[2026-05-11 20:29:57.954] [INFO] --- 交互 1/3 ---
[2026-05-11 20:29:59.530] [ERROR] 未找到输入框
[2026-05-11 20:29:59.906] [INFO] 截图已保存: trae_cn_test_screenshots/iter_2/round_1/fail_input_1.png
[2026-05-11 20:29:59.907] [WARNING] 第 2 轮测试失败
[2026-05-11 20:29:59.908] [INFO] 等待 5.5 秒后继续...
[2026-05-11 20:30:05.368] [INFO] 
============================================================
[2026-05-11 20:30:05.369] [INFO] 开始第 3/30 次迭代
[2026-05-11 20:30:05.369] [INFO] ============================================================
[2026-05-11 20:30:05.370] [INFO] 正在启动 TRAE CN (Bundle ID: cn.trae.app)...
[2026-05-11 20:30:10.385] [INFO] TRAE CN 启动成功
[2026-05-11 20:30:10.386] [INFO] --- 交互 1/3 ---
[2026-05-11 20:30:11.721] [ERROR] 未找到输入框
[2026-05-11 20:30:12.048] [INFO] 截图已保存: trae_cn_test_screenshots/iter_3/round_1/fail_input_1.png
[2026-05-11 20:30:12.049] [WARNING] 第 3 轮测试失败
[2026-05-11 20:30:12.050] [INFO] 等待 4.8 秒后继续...
[2026-05-11 20:30:16.893] [INFO] 
============================================================
[2026-05-11 20:30:16.893] [INFO] 开始第 4/30 次迭代
[2026-05-11 20:30:16.894] [INFO] ============================================================
[2026-05-11 20:30:16.894] [INFO] 正在启动 TRAE CN (Bundle ID: cn.trae.app)...
[2026-05-11 20:30:21.910] [INFO] TRAE CN 启动成功
[2026-05-11 20:30:21.912] [INFO] --- 交互 1/3 ---
[2026-05-11 20:30:22.827] [ERROR] 未找到输入框
[2026-05-11 20:30:23.136] [INFO] 截图已保存: trae_cn_test_screenshots/iter_4/round_1/fail_input_1.png
[2026-05-11 20:30:23.137] [WARNING] 第 4 轮测试失败
[2026-05-11 20:30:23.137] [INFO] 等待 4.7 秒后继续...
[2026-05-11 20:30:27.883] [INFO] 
============================================================
[2026-05-11 20:30:27.884] [INFO] 开始第 5/30 次迭代
[2026-05-11 20:30:27.884] [INFO] ============================================================
[2026-05-11 20:30:27.884] [INFO] 正在启动 TRAE CN (Bundle ID: cn.trae.app)...
[2026-05-11 20:30:32.924] [INFO] TRAE CN 启动成功
[2026-05-11 20:30:32.925] [INFO] --- 交互 1/3 ---
[2026-05-11 20:30:33.843] [ERROR] 未找到输入框
[2026-05-11 20:30:34.210] [INFO] 截图已保存: trae_cn_test_screenshots/iter_5/round_1/fail_input_1.png
[2026-05-11 20:30:34.211] [WARNING] 第 5 轮测试失败
[2026-05-11 20:30:34.211] [INFO] 等待 3.8 秒后继续...
[2026-05-11 20:30:38.013] [INFO] 
============================================================
[2026-05-11 20:30:38.013] [INFO] 开始第 6/30 次迭代
[2026-05-11 20:30:38.014] [INFO] ============================================================
[2026-05-11 20:30:38.014] [INFO] 正在启动 TRAE CN (Bundle ID: cn.trae.app)...
[2026-05-11 20:30:43.031] [INFO] TRAE CN 启动成功
[2026-05-11 20:30:43.032] [INFO] --- 交互 1/3 ---
[2026-05-11 20:30:43.933] [ERROR] 未找到输入框
[2026-05-11 20:30:44.255] [INFO] 截图已保存: trae_cn_test_screenshots/iter_6/round_1/fail_input_1.png
[2026-05-11 20:30:44.256] [WARNING] 第 6 轮测试失败
[2026-05-11 20:30:44.256] [INFO] 等待 5.3 秒后继续...
[2026-05-11 20:30:49.586] [INFO] 
============================================================
[2026-05-11 20:30:49.586] [INFO] 开始第 7/30 次迭代
[2026-05-11 20:30:49.587] [INFO] ============================================================
[2026-05-11 20:30:49.587] [INFO] 正在启动 TRAE CN (Bundle ID: cn.trae.app)...
[2026-05-11 20:30:54.604] [INFO] TRAE CN 启动成功
[2026-05-11 20:30:54.605] [INFO] --- 交互 1/3 ---
[2026-05-11 20:30:55.848] [ERROR] 未找到输入框
[2026-05-11 20:30:56.230] [INFO] 截图已保存: trae_cn_test_screenshots/iter_7/round_1/fail_input_1.png
[2026-05-11 20:30:56.231] [WARNING] 第 7 轮测试失败
[2026-05-11 20:30:56.231] [INFO] 等待 5.4 秒后继续...
[2026-05-11 20:31:01.585] [INFO] 
============================================================
[2026-05-11 20:31:01.585] [INFO] 开始第 8/30 次迭代
[2026-05-11 20:31:01.585] [INFO] ============================================================
[2026-05-11 20:31:01.586] [INFO] 正在启动 TRAE CN (Bundle ID: cn.trae.app)...
[2026-05-11 20:31:06.600] [INFO] TRAE CN 启动成功
[2026-05-11 20:31:06.602] [INFO] --- 交互 1/3 ---
[2026-05-11 20:31:07.520] [ERROR] 未找到输入框
[2026-05-11 20:31:07.841] [INFO] 截图已保存: trae_cn_test_screenshots/iter_8/round_1/fail_input_1.png
[2026-05-11 20:31:07.842] [WARNING] 第 8 轮测试失败
[2026-05-11 20:31:07.842] [INFO] 等待 3.9 秒后继续...
[2026-05-11 20:31:11.777] [INFO] 
============================================================
[2026-05-11 20:31:11.777] [INFO] 开始第 9/30 次迭代
[2026-05-11 20:31:11.778] [INFO] ============================================================
[2026-05-11 20:31:11.778] [INFO] 正在启动 TRAE CN (Bundle ID: cn.trae.app)...
[2026-05-11 20:31:16.793] [INFO] TRAE CN 启动成功
[2026-05-11 20:31:16.795] [INFO] --- 交互 1/3 ---
[2026-05-11 20:31:17.707] [ERROR] 未找到输入框
[2026-05-11 20:31:18.005] [INFO] 截图已保存: trae_cn_test_screenshots/iter_9/round_1/fail_input_1.png
[2026-05-11 20:31:18.006] [WARNING] 第 9 轮测试失败
[2026-05-11 20:31:18.007] [INFO] 等待 3.6 秒后继续...
[2026-05-11 20:31:21.631] [INFO] 
============================================================
[2026-05-11 20:31:21.631] [INFO] 开始第 10/30 次迭代
[2026-05-11 20:31:21.632] [INFO] ============================================================
[2026-05-11 20:31:21.632] [INFO] 正在启动 TRAE CN (Bundle ID: cn.trae.app)...
[2026-05-11 20:31:26.642] [INFO] TRAE CN 启动成功
[2026-05-11 20:31:26.643] [INFO] --- 交互 1/3 ---
[2026-05-11 20:31:27.568] [ERROR] 未找到输入框
[2026-05-11 20:31:27.870] [INFO] 截图已保存: trae_cn_test_screenshots/iter_10/round_1/fail_input_1.png
[2026-05-11 20:31:27.872] [WARNING] 第 10 轮测试失败
[2026-05-11 20:31:27.872] [INFO] 等待 3.7 秒后继续...
[2026-05-11 20:31:31.561] [INFO] 
============================================================
[2026-05-11 20:31:31.562] [INFO] 开始第 11/30 次迭代
[2026-05-11 20:31:31.562] [INFO] ============================================================
[2026-05-11 20:31:31.563] [INFO] 正在启动 TRAE CN (Bundle ID: cn.trae.app)...
[2026-05-11 20:31:36.577] [INFO] TRAE CN 启动成功
[2026-05-11 20:31:36.578] [INFO] --- 交互 1/3 ---
[2026-05-11 20:31:37.498] [ERROR] 未找到输入框
[2026-05-11 20:31:37.802] [INFO] 截图已保存: trae_cn_test_screenshots/iter_11/round_1/fail_input_1.png
[2026-05-11 20:31:37.803] [WARNING] 第 11 轮测试失败
[2026-05-11 20:31:37.803] [INFO] 等待 4.8 秒后继续...
[2026-05-11 20:31:42.612] [INFO] 
============================================================
[2026-05-11 20:31:42.613] [INFO] 开始第 12/30 次迭代
[2026-05-11 20:31:42.613] [INFO] ============================================================
[2026-05-11 20:31:42.613] [INFO] 正在启动 TRAE CN (Bundle ID: cn.trae.app)...
[2026-05-11 20:31:47.633] [INFO] TRAE CN 启动成功
[2026-05-11 20:31:47.634] [INFO] --- 交互 1/3 ---
[2026-05-11 20:31:48.597] [ERROR] 未找到输入框
[2026-05-11 20:31:48.895] [INFO] 截图已保存: trae_cn_test_screenshots/iter_12/round_1/fail_input_1.png
[2026-05-11 20:31:48.896] [WARNING] 第 12 轮测试失败
[2026-05-11 20:31:48.896] [INFO] 等待 3.0 秒后继续...
[2026-05-11 20:31:51.905] [INFO] 
============================================================
[2026-05-11 20:31:51.905] [INFO] 开始第 13/30 次迭代
[2026-05-11 20:31:51.905] [INFO] ============================================================
[2026-05-11 20:31:51.906] [INFO] 正在启动 TRAE CN (Bundle ID: cn.trae.app)...
[2026-05-11 20:37:10.929] [INFO] ========== 开始测试：30 次迭代，每次 3 轮交互 ==========
[2026-05-11 20:37:10.930] [INFO] 
********** 第 1/30 次迭代 **********
[2026-05-11 20:37:10.930] [INFO] 启动 TRAE CN (Bundle ID: cn.trae.app)...
[2026-05-11 20:37:16.261] [INFO] 应用启动成功
[2026-05-11 20:37:16.262] [INFO] --- 第 1 次迭代，第 1 轮 ---
[2026-05-11 20:37:17.445] [ERROR] 未找到输入框
[2026-05-11 20:37:17.785] [INFO] 截图保存: trae_cn_auto_results/iter_001/round_1/ERROR_input_failed.png
[2026-05-11 20:37:17.786] [WARNING] 第 1 次迭代失败，继续下一次
[2026-05-11 20:37:17.787] [INFO] 等待 3.6 秒后下次迭代...
[2026-05-11 20:37:21.379] [INFO] 
********** 第 2/30 次迭代 **********
[2026-05-11 20:37:21.380] [INFO] 启动 TRAE CN (Bundle ID: cn.trae.app)...
[2026-05-11 20:37:26.398] [INFO] 应用启动成功
[2026-05-11 20:37:26.399] [INFO] --- 第 2 次迭代，第 1 轮 ---
[2026-05-11 20:37:27.959] [ERROR] 未找到输入框
[2026-05-11 20:37:28.262] [INFO] 截图保存: trae_cn_auto_results/iter_002/round_1/ERROR_input_failed.png
[2026-05-11 20:37:28.263] [WARNING] 第 2 次迭代失败，继续下一次
[2026-05-11 20:37:28.263] [INFO] 等待 3.4 秒后下次迭代...
[2026-05-11 20:37:31.705] [INFO] 
********** 第 3/30 次迭代 **********
[2026-05-11 20:37:31.706] [INFO] 启动 TRAE CN (Bundle ID: cn.trae.app)...
[2026-05-11 20:37:36.725] [INFO] 应用启动成功
[2026-05-11 20:37:36.726] [INFO] --- 第 3 次迭代，第 1 轮 ---
[2026-05-11 20:37:37.729] [ERROR] 未找到输入框
[2026-05-11 20:37:38.045] [INFO] 截图保存: trae_cn_auto_results/iter_003/round_1/ERROR_input_failed.png
[2026-05-11 20:37:38.046] [WARNING] 第 3 次迭代失败，继续下一次
[2026-05-11 20:37:38.046] [INFO] 等待 3.1 秒后下次迭代...
[2026-05-11 20:37:41.100] [INFO] 
********** 第 4/30 次迭代 **********
[2026-05-11 20:37:41.101] [INFO] 启动 TRAE CN (Bundle ID: cn.trae.app)...
[2026-05-11 20:37:46.123] [INFO] 应用启动成功
[2026-05-11 20:37:46.124] [INFO] --- 第 4 次迭代，第 1 轮 ---
[2026-05-11 20:37:47.105] [ERROR] 未找到输入框
[2026-05-11 20:37:47.408] [INFO] 截图保存: trae_cn_auto_results/iter_004/round_1/ERROR_input_failed.png
[2026-05-11 20:37:47.409] [WARNING] 第 4 次迭代失败，继续下一次
[2026-05-11 20:37:47.409] [INFO] 等待 3.6 秒后下次迭代...
[2026-05-11 20:37:51.066] [INFO] 
********** 第 5/30 次迭代 **********
[2026-05-11 20:37:51.067] [INFO] 启动 TRAE CN (Bundle ID: cn.trae.app)...
[2026-05-11 20:37:56.091] [INFO] 应用启动成功
[2026-05-11 20:37:56.092] [INFO] --- 第 5 次迭代，第 1 轮 ---
[2026-05-11 20:37:58.041] [ERROR] 未找到输入框
[2026-05-11 20:37:58.593] [INFO] 截图保存: trae_cn_auto_results/iter_005/round_1/ERROR_input_failed.png
[2026-05-11 20:37:58.594] [WARNING] 第 5 次迭代失败，继续下一次
[2026-05-11 20:37:58.594] [INFO] 等待 5.0 秒后下次迭代...
[2026-05-11 20:43:37.996] [INFO] ========== 开始测试：30 次迭代，每次 3 轮交互 ==========
[2026-05-11 20:43:37.997] [INFO] 
********** 第 1/30 次迭代 **********
[2026-05-11 20:43:37.997] [INFO] 启动 TRAE CN (Bundle ID: cn.trae.app)...
[2026-05-11 20:43:43.277] [INFO] 应用启动成功
[2026-05-11 20:43:43.277] [INFO] --- 开始 dump UI 控件树 (AXTextField / AXButton) ---
[2026-05-11 20:43:45.410] [INFO] --- UI dump 完成 ---
[2026-05-11 20:43:45.410] [INFO] --- 第 1 次迭代，第 1 轮 ---
[2026-05-11 20:43:46.360] [ERROR] 未找到输入框
[2026-05-11 20:43:46.698] [INFO] 截图保存: trae_cn_auto_results/iter_001/round_1/ERROR_input_failed.png
[2026-05-11 20:43:46.699] [WARNING] 第 1 次迭代失败，继续下一次
[2026-05-11 20:43:46.700] [INFO] 等待 3.8 秒后下次迭代...
[2026-05-11 20:43:50.528] [INFO] 
********** 第 2/30 次迭代 **********
[2026-05-11 20:43:50.529] [INFO] 启动 TRAE CN (Bundle ID: cn.trae.app)...
[2026-05-11 20:43:55.549] [INFO] 应用启动成功
[2026-05-11 20:43:55.550] [INFO] --- 开始 dump UI 控件树 (AXTextField / AXButton) ---
[2026-05-11 20:43:57.451] [INFO] --- UI dump 完成 ---
[2026-05-11 20:43:57.452] [INFO] --- 第 2 次迭代，第 1 轮 ---
[2026-05-11 20:43:58.510] [ERROR] 未找到输入框
[2026-05-11 20:43:58.835] [INFO] 截图保存: trae_cn_auto_results/iter_002/round_1/ERROR_input_failed.png
[2026-05-11 20:43:58.836] [WARNING] 第 2 次迭代失败，继续下一次
[2026-05-11 20:43:58.836] [INFO] 等待 3.6 秒后下次迭代...
[2026-05-11 20:44:02.434] [INFO] 
********** 第 3/30 次迭代 **********
[2026-05-11 20:44:02.435] [INFO] 启动 TRAE CN (Bundle ID: cn.trae.app)...
[2026-05-11 20:44:07.457] [INFO] 应用启动成功
[2026-05-11 20:44:07.457] [INFO] --- 开始 dump UI 控件树 (AXTextField / AXButton) ---
[2026-05-11 20:44:09.589] [INFO] --- UI dump 完成 ---
[2026-05-11 20:44:09.589] [INFO] --- 第 3 次迭代，第 1 轮 ---
[2026-05-11 20:44:10.514] [ERROR] 未找到输入框
[2026-05-11 20:44:10.829] [INFO] 截图保存: trae_cn_auto_results/iter_003/round_1/ERROR_input_failed.png
[2026-05-11 20:44:10.830] [WARNING] 第 3 次迭代失败，继续下一次
[2026-05-11 20:44:10.831] [INFO] 等待 3.4 秒后下次迭代...
[2026-05-11 20:44:14.216] [INFO] 
********** 第 4/30 次迭代 **********
[2026-05-11 20:44:14.217] [INFO] 启动 TRAE CN (Bundle ID: cn.trae.app)...
[2026-05-11 20:44:19.239] [INFO] 应用启动成功
[2026-05-11 20:44:19.240] [INFO] --- 开始 dump UI 控件树 (AXTextField / AXButton) ---
[2026-05-11 20:44:21.396] [INFO] --- UI dump 完成 ---
[2026-05-11 20:44:21.397] [INFO] --- 第 4 次迭代，第 1 轮 ---
[2026-05-11 20:44:22.353] [ERROR] 未找到输入框
[2026-05-11 20:44:22.675] [INFO] 截图保存: trae_cn_auto_results/iter_004/round_1/ERROR_input_failed.png
[2026-05-11 20:44:22.678] [WARNING] 第 4 次迭代失败，继续下一次
[2026-05-11 20:44:22.678] [INFO] 等待 4.5 秒后下次迭代...
[2026-05-11 20:48:23.817] [INFO] ========== 开始测试：30 次迭代，每次 3 轮交互 ==========
[2026-05-11 20:48:23.818] [INFO] 
********** 第 1/30 次迭代 **********
[2026-05-11 20:48:23.818] [INFO] 启动 TRAE CN (Bundle ID: cn.trae.app)...
[2026-05-11 20:48:29.075] [INFO] 应用启动成功
[2026-05-11 20:48:29.076] [INFO] --- 开始 dump UI 控件树 (AXTextField / AXButton) ---
[2026-05-11 20:48:31.035] [INFO] --- UI dump 完成 ---
[2026-05-11 20:48:31.035] [INFO] --- 第 1 次迭代，第 1 轮 ---
[2026-05-11 20:48:31.985] [ERROR] 未找到输入框
[2026-05-11 20:48:32.295] [INFO] 截图保存: trae_cn_auto_results/iter_001/round_1/ERROR_input_failed.png
[2026-05-11 20:48:32.296] [WARNING] 第 1 次迭代失败，继续下一次
[2026-05-11 20:48:32.296] [INFO] 等待 4.2 秒后下次迭代...
[2026-05-11 20:48:36.542] [INFO] 
********** 第 2/30 次迭代 **********
[2026-05-11 20:48:36.542] [INFO] 启动 TRAE CN (Bundle ID: cn.trae.app)...
[2026-05-11 20:48:41.562] [INFO] 应用启动成功
[2026-05-11 20:48:41.563] [INFO] --- 开始 dump UI 控件树 (AXTextField / AXButton) ---
[2026-05-11 20:48:43.574] [INFO] --- UI dump 完成 ---
[2026-05-11 20:48:43.575] [INFO] --- 第 2 次迭代，第 1 轮 ---
[2026-05-11 20:48:44.724] [ERROR] 未找到输入框
